<?xml version="1.0" encoding="UTF-8"?>
<!-- Generated by org.testng.reporters.JUnitXMLReporter -->
<testsuite ignored="0" hostname="BINALI-106" failures="1" tests="3" name="Test" time="21.443" errors="0" timestamp="2023-06-01T19:27:03 IST">
  <testcase classname="ListenersAndExtentReports.NopCommerceTest" name="testLogo" time="0.146"/>
  <testcase classname="ListenersAndExtentReports.NopCommerceTest" name="testLogin" time="8.698">
    <failure type="java.lang.AssertionError" message="expected [false] but found [true]">
      <![CDATA[java.lang.AssertionError: expected [false] but found [true]
at ListenersAndExtentReports.NopCommerceTest.testLogin(NopCommerceTest.java:52)
at java.base/java.util.ArrayList.forEach(ArrayList.java:1511)
... Removed 31 stack frames]]>
    </failure>
  </testcase> <!-- testLogin -->
  <testcase classname="ListenersAndExtentReports.NopCommerceTest" name="testLogout" time="0.0">
    <skipped/>
  </testcase> <!-- testLogout -->
</testsuite> <!-- Test -->
