<?xml version="1.0" encoding="UTF-8"?>
<testng-results ignored="0" total="2" passed="2" failed="0" skipped="0">
  <reporter-output>
  </reporter-output>
  <suite started-at="2023-06-03T18:23:32 IST" name="Default suite" finished-at="2023-06-03T18:23:47 IST" duration-ms="14202">
    <groups>
    </groups>
    <test started-at="2023-06-03T18:23:32 IST" name="Default test" finished-at="2023-06-03T18:23:47 IST" duration-ms="14202">
      <class name="PageFactory.Login2_Test">
        <test-method is-config="true" signature="setup()[pri:0, instance:PageFactory.Login2_Test@12468a38]" started-at="2023-06-03T18:23:32 IST" name="setup" finished-at="2023-06-03T18:23:40 IST" duration-ms="7222" status="PASS">
          <reporter-output>
          </reporter-output>
        </test-method> <!-- setup -->
        <test-method signature="checkLogo()[pri:1, instance:PageFactory.Login2_Test@12468a38]" started-at="2023-06-03T18:23:40 IST" name="checkLogo" finished-at="2023-06-03T18:23:43 IST" duration-ms="3139" status="PASS">
          <reporter-output>
          </reporter-output>
        </test-method> <!-- checkLogo -->
        <test-method signature="test_Login()[pri:2, instance:PageFactory.Login2_Test@12468a38]" started-at="2023-06-03T18:23:43 IST" name="test_Login" finished-at="2023-06-03T18:23:46 IST" duration-ms="3326" status="PASS">
          <reporter-output>
          </reporter-output>
        </test-method> <!-- test_Login -->
        <test-method is-config="true" signature="test_Logout()[pri:0, instance:PageFactory.Login2_Test@12468a38]" started-at="2023-06-03T18:23:46 IST" name="test_Logout" finished-at="2023-06-03T18:23:47 IST" duration-ms="448" status="PASS">
          <reporter-output>
          </reporter-output>
        </test-method> <!-- test_Logout -->
      </class> <!-- PageFactory.Login2_Test -->
    </test> <!-- Default test -->
  </suite> <!-- Default suite -->
</testng-results>
